<?xml version="1.0" encoding="UTF-8"?>
<testng-results ignored="0" total="3" passed="3" failed="0" skipped="0">
  <reporter-output>
  </reporter-output>
  <suite started-at="2023-09-23T17:36:41 EET" name="Default suite" finished-at="2023-09-23T17:36:48 EET" duration-ms="7646">
    <groups>
    </groups>
    <test started-at="2023-09-23T17:36:41 EET" name="Default test" finished-at="2023-09-23T17:36:48 EET" duration-ms="7646">
      <class name="AlmosaferTest">
        <test-method is-config="true" signature="myBeforeTest()[pri:0, instance:AlmosaferTest@417ad4f3]" started-at="2023-09-23T17:36:41 EET" name="myBeforeTest" finished-at="2023-09-23T17:36:41 EET" duration-ms="171" status="PASS">
          <reporter-output>
          </reporter-output>
        </test-method> <!-- myBeforeTest -->
        <test-method signature="myTest()[pri:0, instance:AlmosaferTest@417ad4f3]" started-at="2023-09-23T17:36:41 EET" name="myTest" finished-at="2023-09-23T17:36:48 EET" duration-ms="7171" status="PASS">
          <reporter-output>
          </reporter-output>
        </test-method> <!-- myTest -->
        <test-method signature="myTest1()[pri:0, instance:AlmosaferTest@417ad4f3]" started-at="2023-09-23T17:36:48 EET" name="myTest1" finished-at="2023-09-23T17:36:48 EET" duration-ms="73" status="PASS">
          <reporter-output>
          </reporter-output>
        </test-method> <!-- myTest1 -->
        <test-method signature="myTest2()[pri:0, instance:AlmosaferTest@417ad4f3]" started-at="2023-09-23T17:36:48 EET" name="myTest2" finished-at="2023-09-23T17:36:48 EET" duration-ms="168" status="PASS">
          <reporter-output>
          </reporter-output>
        </test-method> <!-- myTest2 -->
        <test-method is-config="true" signature="myAfterTest()[pri:0, instance:AlmosaferTest@417ad4f3]" started-at="2023-09-23T17:36:48 EET" name="myAfterTest" finished-at="2023-09-23T17:36:48 EET" duration-ms="0" status="PASS">
          <reporter-output>
          </reporter-output>
        </test-method> <!-- myAfterTest -->
      </class> <!-- AlmosaferTest -->
    </test> <!-- Default test -->
  </suite> <!-- Default suite -->
</testng-results>
